-------------------------------------------------------------------------------
Test set: CreateOrder.CreateOrderTest
-------------------------------------------------------------------------------
Tests run: 5, Failures: 2, Errors: 0, Skipped: 0, Time elapsed: 9.407 s <<< FAILURE! - in CreateOrder.CreateOrderTest
createOrderNotIngredients  Time elapsed: 1.467 s  <<< FAILURE!
org.opentest4j.AssertionFailedError: expected: <200> but was: <429>
	at CreateOrder.CreateOrderTest.deleteUser(CreateOrderTest.java:46)

createOrder  Time elapsed: 0.825 s  <<< FAILURE!
org.opentest4j.AssertionFailedError: expected: <200> but was: <429>
	at CreateOrder.CreateOrderTest.createUser(CreateOrderTest.java:35)

