-------------------------------------------------------------------------------
Test set: authorizationUser.AuthorizationUserTest
-------------------------------------------------------------------------------
Tests run: 3, Failures: 1, Errors: 0, Skipped: 0, Time elapsed: 11.443 s <<< FAILURE! - in authorizationUser.AuthorizationUserTest
createCourierNotLineName  Time elapsed: 7.89 s  <<< FAILURE!
org.opentest4j.AssertionFailedError: expected: <401> but was: <200>
	at authorizationUser.AuthorizationUserTest.createCourierNotLineName(AuthorizationUserTest.java:53)

